mode: set
choseby-backend/internal/config/config.go:46.21,48.40 1 0
choseby-backend/internal/config/config.go:48.40,50.3 1 0
choseby-backend/internal/config/config.go:52.2,53.89 2 0
choseby-backend/internal/config/config.go:53.89,55.3 1 0
choseby-backend/internal/config/config.go:57.2,58.17 2 0
choseby-backend/internal/config/config.go:58.17,60.3 1 0
choseby-backend/internal/config/config.go:62.2,63.26 2 0
choseby-backend/internal/config/config.go:63.26,65.3 1 0
choseby-backend/internal/config/config.go:67.2,99.3 1 0
choseby-backend/internal/config/config.go:102.46,103.42 1 0
choseby-backend/internal/config/config.go:103.42,105.3 1 0
choseby-backend/internal/config/config.go:106.2,106.21 1 0
choseby-backend/internal/config/config.go:109.50,110.42 1 0
choseby-backend/internal/config/config.go:110.42,111.55 1 0
choseby-backend/internal/config/config.go:111.55,113.4 1 0
choseby-backend/internal/config/config.go:115.2,115.21 1 0
choseby-backend/internal/config/config.go:118.53,119.42 1 0
choseby-backend/internal/config/config.go:119.42,120.61 1 0
choseby-backend/internal/config/config.go:120.61,122.4 1 0
choseby-backend/internal/config/config.go:124.2,124.21 1 0
choseby-backend/internal/api/router.go:14.67,52.2 22 0
choseby-backend/internal/api/router.go:52.2,60.3 4 0
choseby-backend/internal/api/router.go:63.2,65.2 3 0
choseby-backend/internal/api/router.go:65.2,68.3 2 0
choseby-backend/internal/api/router.go:68.3,86.4 11 0
choseby-backend/internal/api/router.go:89.3,90.3 2 0
choseby-backend/internal/api/router.go:90.3,93.4 2 0
choseby-backend/internal/api/router.go:96.3,97.3 2 0
choseby-backend/internal/api/router.go:97.3,100.4 2 0
choseby-backend/internal/api/router.go:103.3,104.3 2 0
choseby-backend/internal/api/router.go:104.3,106.4 1 0
choseby-backend/internal/api/router.go:109.2,109.15 1 0
choseby-backend/main.go:14.13,23.16 5 0
choseby-backend/main.go:23.16,27.3 3 0
choseby-backend/main.go:27.8,30.3 2 0
choseby-backend/main.go:33.2,33.37 1 0
choseby-backend/main.go:33.37,36.3 2 0
choseby-backend/main.go:36.8,38.3 1 0
choseby-backend/main.go:41.2,46.16 4 0
choseby-backend/main.go:46.16,48.3 1 0
choseby-backend/main.go:50.2,52.15 3 0
choseby-backend/main.go:52.15,54.3 1 0
choseby-backend/main.go:54.8,56.3 1 0
choseby-backend/main.go:57.2,57.62 1 0
choseby-backend/main.go:57.62,58.31 1 0
choseby-backend/main.go:58.31,60.4 1 0
choseby-backend/main.go:61.3,61.20 1 0
choseby-backend/main.go:65.2,65.47 1 0
choseby-backend/main.go:65.47,67.3 1 0
choseby-backend/internal/auth/auth.go:26.95,32.2 1 1
choseby-backend/internal/auth/auth.go:35.85,51.16 6 0
choseby-backend/internal/auth/auth.go:51.16,53.3 1 0
choseby-backend/internal/auth/auth.go:55.2,55.36 1 0
choseby-backend/internal/auth/auth.go:59.74,60.104 1 0
choseby-backend/internal/auth/auth.go:60.104,61.58 1 0
choseby-backend/internal/auth/auth.go:61.58,63.4 1 0
choseby-backend/internal/auth/auth.go:64.3,64.26 1 0
choseby-backend/internal/auth/auth.go:67.2,67.16 1 0
choseby-backend/internal/auth/auth.go:67.16,69.3 1 0
choseby-backend/internal/auth/auth.go:71.2,72.25 2 0
choseby-backend/internal/auth/auth.go:72.25,74.3 1 0
choseby-backend/internal/auth/auth.go:76.2,76.20 1 0
choseby-backend/internal/auth/auth.go:80.86,100.16 6 0
choseby-backend/internal/auth/auth.go:100.16,102.3 1 0
choseby-backend/internal/auth/auth.go:104.2,104.36 1 0
choseby-backend/internal/auth/auth.go:108.69,110.16 2 1
choseby-backend/internal/auth/auth.go:110.16,112.3 1 0
choseby-backend/internal/auth/auth.go:113.2,113.36 1 1
choseby-backend/internal/auth/auth.go:117.77,119.2 1 1
choseby-backend/internal/database/database.go:19.50,21.16 2 0
choseby-backend/internal/database/database.go:21.16,23.3 1 0
choseby-backend/internal/database/database.go:26.2,31.34 4 0
choseby-backend/internal/database/database.go:31.34,33.3 1 0
choseby-backend/internal/database/database.go:36.2,36.45 1 0
choseby-backend/internal/database/database.go:36.45,38.3 1 0
choseby-backend/internal/database/database.go:40.2,41.21 2 0
choseby-backend/internal/database/database.go:45.42,53.16 3 1
choseby-backend/internal/database/database.go:53.16,55.3 1 1
choseby-backend/internal/database/database.go:57.2,57.21 1 1
choseby-backend/internal/database/database.go:57.21,61.3 1 1
choseby-backend/internal/database/database.go:61.8,63.3 1 1
choseby-backend/internal/database/database.go:65.2,65.12 1 1
choseby-backend/internal/database/database.go:69.84,71.2 1 1
choseby-backend/internal/database/database.go:74.29,76.2 1 1
choseby-backend/internal/database/database.go:79.28,81.2 1 1
choseby-backend/internal/database/database.go:84.35,89.2 3 1
choseby-backend/internal/testutil/testutil.go:23.33,35.2 6 0
choseby-backend/internal/testutil/testutil.go:38.36,41.2 2 0
choseby-backend/internal/testutil/testutil.go:46.46,56.2 1 0
choseby-backend/internal/testutil/testutil.go:59.52,70.2 1 0
choseby-backend/internal/testutil/testutil.go:73.46,82.2 1 0
choseby-backend/internal/testutil/testutil.go:85.35,92.2 1 0
choseby-backend/internal/testutil/testutil.go:95.40,97.16 2 0
choseby-backend/internal/testutil/testutil.go:97.16,98.13 1 0
choseby-backend/internal/testutil/testutil.go:100.2,100.10 1 0
choseby-backend/scripts/add_current_phase.go:12.24,14.17 2 0
choseby-backend/scripts/add_current_phase.go:14.17,16.3 1 0
choseby-backend/scripts/add_current_phase.go:18.2,19.16 2 0
choseby-backend/scripts/add_current_phase.go:19.16,21.3 1 0
choseby-backend/scripts/add_current_phase.go:22.2,31.16 4 0
choseby-backend/scripts/add_current_phase.go:31.16,33.3 1 0
choseby-backend/scripts/add_current_phase.go:35.2,35.79 1 0
choseby-backend/scripts/hash.go:9.21,10.22 1 0
choseby-backend/scripts/hash.go:10.22,13.3 2 0
choseby-backend/scripts/hash.go:15.2,17.16 3 0
choseby-backend/scripts/hash.go:17.16,20.3 2 0
choseby-backend/scripts/hash.go:22.2,22.27 1 0
choseby-backend/internal/models/models.go:48.58,50.2 1 0
choseby-backend/internal/models/models.go:53.59,54.18 1 0
choseby-backend/internal/models/models.go:54.18,56.3 1 0
choseby-backend/internal/models/models.go:58.2,59.9 2 0
choseby-backend/internal/models/models.go:59.9,61.3 1 0
choseby-backend/internal/models/models.go:63.2,63.33 1 0
choseby-backend/internal/models/models.go:111.57,113.2 1 0
choseby-backend/internal/models/models.go:116.58,117.18 1 0
choseby-backend/internal/models/models.go:117.18,119.3 1 0
choseby-backend/internal/models/models.go:121.2,122.9 2 0
choseby-backend/internal/models/models.go:122.9,124.3 1 0
choseby-backend/internal/models/models.go:126.2,126.33 1 0
choseby-backend/internal/models/models.go:148.58,150.2 1 0
choseby-backend/internal/models/models.go:153.59,154.18 1 0
choseby-backend/internal/models/models.go:154.18,156.3 1 0
choseby-backend/internal/models/models.go:158.2,159.9 2 0
choseby-backend/internal/models/models.go:159.9,161.3 1 0
choseby-backend/internal/models/models.go:163.2,163.33 1 0
choseby-backend/internal/middleware/middleware.go:15.40,16.30 1 0
choseby-backend/internal/middleware/middleware.go:16.30,24.3 7 0
choseby-backend/internal/middleware/middleware.go:28.38,29.30 1 0
choseby-backend/internal/middleware/middleware.go:29.30,30.49 1 0
choseby-backend/internal/middleware/middleware.go:30.49,35.4 4 0
choseby-backend/internal/middleware/middleware.go:36.3,36.11 1 0
choseby-backend/internal/middleware/middleware.go:41.34,42.30 1 0
choseby-backend/internal/middleware/middleware.go:42.30,44.22 2 0
choseby-backend/internal/middleware/middleware.go:44.22,46.4 1 0
choseby-backend/internal/middleware/middleware.go:47.3,49.11 3 0
choseby-backend/internal/middleware/middleware.go:54.51,63.30 4 0
choseby-backend/internal/middleware/middleware.go:63.30,70.14 5 0
choseby-backend/internal/middleware/middleware.go:70.14,73.4 2 0
choseby-backend/internal/middleware/middleware.go:76.3,78.22 3 0
choseby-backend/internal/middleware/middleware.go:78.22,81.4 2 0
choseby-backend/internal/middleware/middleware.go:83.3,83.20 1 0
choseby-backend/internal/middleware/middleware.go:83.20,90.4 3 0
choseby-backend/internal/middleware/middleware.go:92.3,93.11 2 0
choseby-backend/internal/middleware/middleware.go:97.24,98.11 1 0
choseby-backend/internal/middleware/middleware.go:98.11,100.3 1 0
choseby-backend/internal/middleware/middleware.go:101.2,101.10 1 0
choseby-backend/internal/middleware/middleware.go:105.66,106.30 1 0
choseby-backend/internal/middleware/middleware.go:106.30,108.23 2 0
choseby-backend/internal/middleware/middleware.go:108.23,112.4 3 0
choseby-backend/internal/middleware/middleware.go:114.3,115.58 2 0
choseby-backend/internal/middleware/middleware.go:115.58,119.4 3 0
choseby-backend/internal/middleware/middleware.go:121.3,122.17 2 0
choseby-backend/internal/middleware/middleware.go:122.17,126.4 3 0
choseby-backend/internal/middleware/middleware.go:128.3,132.11 5 0
choseby-backend/internal/middleware/middleware.go:137.35,138.30 1 0
choseby-backend/internal/middleware/middleware.go:138.30,142.3 1 0
choseby-backend/internal/middleware/middleware.go:146.34,147.30 1 0
choseby-backend/internal/middleware/middleware.go:147.30,149.14 2 0
choseby-backend/internal/middleware/middleware.go:149.14,153.4 3 0
choseby-backend/internal/middleware/middleware.go:155.3,156.73 2 0
choseby-backend/internal/middleware/middleware.go:156.73,159.4 2 0
choseby-backend/internal/middleware/middleware.go:161.3,162.12 2 0
choseby-backend/internal/middleware/middleware.go:167.50,168.30 1 0
choseby-backend/internal/middleware/middleware.go:168.30,172.3 1 0
choseby-backend/internal/middleware/middleware.go:176.67,177.30 1 0
choseby-backend/internal/middleware/middleware.go:177.30,179.18 2 0
choseby-backend/internal/middleware/middleware.go:179.18,183.4 3 0
choseby-backend/internal/middleware/middleware.go:185.3,186.17 2 0
choseby-backend/internal/middleware/middleware.go:186.17,190.4 3 0
choseby-backend/internal/middleware/middleware.go:192.3,193.11 2 0
choseby-backend/internal/handlers/ai.go:26.93,36.2 1 1
choseby-backend/internal/handlers/ai.go:68.51,69.20 1 1
choseby-backend/internal/handlers/ai.go:69.20,72.3 2 1
choseby-backend/internal/handlers/ai.go:74.2,75.13 2 1
choseby-backend/internal/handlers/ai.go:75.13,78.3 2 1
choseby-backend/internal/handlers/ai.go:80.2,92.47 3 1
choseby-backend/internal/handlers/ai.go:92.47,95.3 2 0
choseby-backend/internal/handlers/ai.go:98.2,130.16 3 1
choseby-backend/internal/handlers/ai.go:130.16,136.3 2 1
choseby-backend/internal/handlers/ai.go:138.2,142.4 1 0
choseby-backend/internal/handlers/ai.go:146.53,147.20 1 1
choseby-backend/internal/handlers/ai.go:147.20,150.3 2 1
choseby-backend/internal/handlers/ai.go:152.2,153.13 2 1
choseby-backend/internal/handlers/ai.go:153.13,156.3 2 0
choseby-backend/internal/handlers/ai.go:158.2,173.47 3 1
choseby-backend/internal/handlers/ai.go:173.47,176.3 2 0
choseby-backend/internal/handlers/ai.go:179.2,180.33 2 1
choseby-backend/internal/handlers/ai.go:180.33,182.3 1 1
choseby-backend/internal/handlers/ai.go:184.2,214.16 3 1
choseby-backend/internal/handlers/ai.go:214.16,220.3 2 1
choseby-backend/internal/handlers/ai.go:222.2,224.4 1 0
choseby-backend/internal/handlers/ai.go:229.87,243.16 3 1
choseby-backend/internal/handlers/ai.go:243.16,245.3 1 0
choseby-backend/internal/handlers/ai.go:247.2,248.16 2 1
choseby-backend/internal/handlers/ai.go:248.16,250.3 1 0
choseby-backend/internal/handlers/ai.go:252.2,256.16 4 1
choseby-backend/internal/handlers/ai.go:256.16,258.3 1 0
choseby-backend/internal/handlers/ai.go:259.2,261.38 2 1
choseby-backend/internal/handlers/ai.go:261.38,263.3 1 1
choseby-backend/internal/handlers/ai.go:265.2,266.73 2 0
choseby-backend/internal/handlers/ai.go:266.73,268.3 1 0
choseby-backend/internal/handlers/ai.go:270.2,270.36 1 0
choseby-backend/internal/handlers/ai.go:270.36,272.3 1 0
choseby-backend/internal/handlers/ai.go:275.2,276.97 2 0
choseby-backend/internal/handlers/ai.go:276.97,279.3 1 0
choseby-backend/internal/handlers/ai.go:281.2,281.21 1 0
choseby-backend/internal/handlers/ai.go:284.87,298.16 3 1
choseby-backend/internal/handlers/ai.go:298.16,300.3 1 0
choseby-backend/internal/handlers/ai.go:302.2,303.16 2 1
choseby-backend/internal/handlers/ai.go:303.16,305.3 1 0
choseby-backend/internal/handlers/ai.go:307.2,311.16 4 1
choseby-backend/internal/handlers/ai.go:311.16,313.3 1 0
choseby-backend/internal/handlers/ai.go:314.2,316.38 2 1
choseby-backend/internal/handlers/ai.go:316.38,318.3 1 1
choseby-backend/internal/handlers/ai.go:320.2,321.73 2 0
choseby-backend/internal/handlers/ai.go:321.73,323.3 1 0
choseby-backend/internal/handlers/ai.go:325.2,325.36 1 0
choseby-backend/internal/handlers/ai.go:325.36,327.3 1 0
choseby-backend/internal/handlers/ai.go:330.2,331.97 2 0
choseby-backend/internal/handlers/ai.go:331.97,333.3 1 0
choseby-backend/internal/handlers/ai.go:335.2,335.20 1 0
choseby-backend/internal/handlers/ai.go:361.76,378.2 1 1
choseby-backend/internal/handlers/ai.go:380.69,381.22 1 1
choseby-backend/internal/handlers/ai.go:382.24,400.4 1 1
choseby-backend/internal/handlers/ai.go:401.10,411.4 1 0
choseby-backend/internal/handlers/analytics.go:22.92,27.2 1 0
choseby-backend/internal/handlers/analytics.go:30.57,32.13 2 0
choseby-backend/internal/handlers/analytics.go:32.13,35.3 2 0
choseby-backend/internal/handlers/analytics.go:38.2,45.16 4 0
choseby-backend/internal/handlers/analytics.go:45.16,48.3 2 0
choseby-backend/internal/handlers/analytics.go:51.2,54.16 3 0
choseby-backend/internal/handlers/analytics.go:55.12,56.36 1 0
choseby-backend/internal/handlers/analytics.go:57.13,58.37 1 0
choseby-backend/internal/handlers/analytics.go:59.13,60.37 1 0
choseby-backend/internal/handlers/analytics.go:61.10,63.17 2 0
choseby-backend/internal/handlers/analytics.go:67.2,72.16 3 0
choseby-backend/internal/handlers/analytics.go:72.16,74.3 1 0
choseby-backend/internal/handlers/analytics.go:77.2,86.16 3 0
choseby-backend/internal/handlers/analytics.go:86.16,88.3 1 0
choseby-backend/internal/handlers/analytics.go:91.2,100.16 3 0
choseby-backend/internal/handlers/analytics.go:100.16,102.3 1 0
choseby-backend/internal/handlers/analytics.go:105.2,118.16 4 0
choseby-backend/internal/handlers/analytics.go:118.16,120.3 1 0
choseby-backend/internal/handlers/analytics.go:123.2,124.35 2 0
choseby-backend/internal/handlers/analytics.go:124.35,126.3 1 0
choseby-backend/internal/handlers/analytics.go:129.2,142.16 4 0
choseby-backend/internal/handlers/analytics.go:142.16,144.3 1 0
choseby-backend/internal/handlers/analytics.go:147.2,148.38 2 0
choseby-backend/internal/handlers/analytics.go:148.38,150.3 1 0
choseby-backend/internal/handlers/analytics.go:153.2,170.16 4 0
choseby-backend/internal/handlers/analytics.go:170.16,172.3 1 0
choseby-backend/internal/handlers/analytics.go:175.2,195.16 4 0
choseby-backend/internal/handlers/analytics.go:195.16,197.3 1 0
choseby-backend/internal/handlers/analytics.go:200.2,213.16 4 0
choseby-backend/internal/handlers/analytics.go:213.16,215.3 1 0
choseby-backend/internal/handlers/analytics.go:218.2,233.16 3 0
choseby-backend/internal/handlers/analytics.go:233.16,235.3 1 0
choseby-backend/internal/handlers/analytics.go:238.2,246.16 3 0
choseby-backend/internal/handlers/analytics.go:246.16,248.3 1 0
choseby-backend/internal/handlers/analytics.go:250.2,256.16 2 0
choseby-backend/internal/handlers/analytics.go:256.16,258.3 1 0
choseby-backend/internal/handlers/analytics.go:260.2,287.33 4 0
choseby-backend/internal/handlers/analytics.go:291.63,293.13 2 0
choseby-backend/internal/handlers/analytics.go:293.13,296.3 2 0
choseby-backend/internal/handlers/analytics.go:299.2,303.16 3 0
choseby-backend/internal/handlers/analytics.go:303.16,306.3 2 0
choseby-backend/internal/handlers/analytics.go:309.2,334.16 4 0
choseby-backend/internal/handlers/analytics.go:334.16,336.3 1 0
choseby-backend/internal/handlers/analytics.go:338.2,340.4 1 0
choseby-backend/internal/handlers/analytics.go:344.60,346.2 1 0
choseby-backend/internal/handlers/auth.go:23.82,28.2 1 1
choseby-backend/internal/handlers/auth.go:31.48,33.47 2 1
choseby-backend/internal/handlers/auth.go:33.47,40.3 2 0
choseby-backend/internal/handlers/auth.go:43.2,43.122 1 1
choseby-backend/internal/handlers/auth.go:43.122,49.3 2 1
choseby-backend/internal/handlers/auth.go:52.2,62.34 3 1
choseby-backend/internal/handlers/auth.go:62.34,63.23 1 1
choseby-backend/internal/handlers/auth.go:63.23,65.9 2 1
choseby-backend/internal/handlers/auth.go:69.2,69.16 1 1
choseby-backend/internal/handlers/auth.go:69.16,75.3 2 0
choseby-backend/internal/handlers/auth.go:78.2,82.36 3 1
choseby-backend/internal/handlers/auth.go:82.36,88.3 2 0
choseby-backend/internal/handlers/auth.go:91.2,92.16 2 1
choseby-backend/internal/handlers/auth.go:92.16,98.3 2 0
choseby-backend/internal/handlers/auth.go:101.2,102.16 2 1
choseby-backend/internal/handlers/auth.go:102.16,108.3 2 1
choseby-backend/internal/handlers/auth.go:109.2,126.16 4 1
choseby-backend/internal/handlers/auth.go:126.16,132.3 2 1
choseby-backend/internal/handlers/auth.go:135.2,158.16 3 0
choseby-backend/internal/handlers/auth.go:158.16,164.3 2 0
choseby-backend/internal/handlers/auth.go:167.2,167.36 1 0
choseby-backend/internal/handlers/auth.go:167.36,173.3 2 0
choseby-backend/internal/handlers/auth.go:176.2,177.16 2 0
choseby-backend/internal/handlers/auth.go:177.16,183.3 2 0
choseby-backend/internal/handlers/auth.go:186.2,193.38 2 0
choseby-backend/internal/handlers/auth.go:197.45,199.47 2 1
choseby-backend/internal/handlers/auth.go:199.47,205.3 2 0
choseby-backend/internal/handlers/auth.go:208.2,215.16 3 1
choseby-backend/internal/handlers/auth.go:215.16,216.27 1 1
choseby-backend/internal/handlers/auth.go:216.27,221.4 1 0
choseby-backend/internal/handlers/auth.go:221.9,226.4 1 1
choseby-backend/internal/handlers/auth.go:227.3,227.9 1 1
choseby-backend/internal/handlers/auth.go:231.2,232.16 2 0
choseby-backend/internal/handlers/auth.go:232.16,238.3 2 0
choseby-backend/internal/handlers/auth.go:241.2,247.16 3 0
choseby-backend/internal/handlers/auth.go:247.16,253.3 2 0
choseby-backend/internal/handlers/auth.go:256.2,257.16 2 0
choseby-backend/internal/handlers/auth.go:257.16,263.3 2 0
choseby-backend/internal/handlers/auth.go:266.2,273.33 2 0
choseby-backend/internal/handlers/auth.go:277.50,279.13 2 0
choseby-backend/internal/handlers/auth.go:279.13,282.3 2 0
choseby-backend/internal/handlers/auth.go:285.2,292.16 3 0
choseby-backend/internal/handlers/auth.go:292.16,295.3 2 0
choseby-backend/internal/handlers/auth.go:298.2,304.16 3 0
choseby-backend/internal/handlers/auth.go:304.16,307.3 2 0
choseby-backend/internal/handlers/auth.go:309.2,312.4 1 0
choseby-backend/internal/handlers/auth.go:316.53,318.13 2 0
choseby-backend/internal/handlers/auth.go:318.13,321.3 2 0
choseby-backend/internal/handlers/auth.go:323.2,329.47 3 0
choseby-backend/internal/handlers/auth.go:329.47,332.3 2 0
choseby-backend/internal/handlers/auth.go:335.2,336.21 2 0
choseby-backend/internal/handlers/auth.go:336.21,338.3 1 0
choseby-backend/internal/handlers/auth.go:339.2,339.40 1 0
choseby-backend/internal/handlers/auth.go:339.40,341.3 1 0
choseby-backend/internal/handlers/auth.go:342.2,344.23 2 0
choseby-backend/internal/handlers/auth.go:344.23,347.3 2 0
choseby-backend/internal/handlers/auth.go:350.2,360.16 4 0
choseby-backend/internal/handlers/auth.go:360.16,363.3 2 0
choseby-backend/internal/handlers/auth.go:365.2,365.73 1 0
choseby-backend/internal/handlers/auth.go:369.46,378.2 1 0
choseby-backend/internal/handlers/auth.go:381.52,383.2 1 0
choseby-backend/internal/handlers/auth.go:386.47,388.2 1 0
choseby-backend/internal/handlers/auth.go:390.49,392.2 1 0
choseby-backend/internal/handlers/customer_response.go:23.92,28.2 1 1
choseby-backend/internal/handlers/customer_response.go:31.61,33.13 2 1
choseby-backend/internal/handlers/customer_response.go:33.13,36.3 2 0
choseby-backend/internal/handlers/customer_response.go:39.2,52.16 9 1
choseby-backend/internal/handlers/customer_response.go:52.16,55.3 2 0
choseby-backend/internal/handlers/customer_response.go:58.2,66.18 4 1
choseby-backend/internal/handlers/customer_response.go:66.18,70.3 3 0
choseby-backend/internal/handlers/customer_response.go:72.2,72.19 1 1
choseby-backend/internal/handlers/customer_response.go:72.19,77.3 4 0
choseby-backend/internal/handlers/customer_response.go:79.2,95.16 7 1
choseby-backend/internal/handlers/customer_response.go:95.16,98.3 2 1
choseby-backend/internal/handlers/customer_response.go:101.2,103.18 3 0
choseby-backend/internal/handlers/customer_response.go:103.18,106.3 2 0
choseby-backend/internal/handlers/customer_response.go:108.2,110.16 3 0
choseby-backend/internal/handlers/customer_response.go:110.16,112.3 1 0
choseby-backend/internal/handlers/customer_response.go:114.2,119.4 1 0
choseby-backend/internal/handlers/customer_response.go:123.59,125.13 2 1
choseby-backend/internal/handlers/customer_response.go:125.13,128.3 2 0
choseby-backend/internal/handlers/customer_response.go:130.2,131.47 2 1
choseby-backend/internal/handlers/customer_response.go:131.47,134.3 2 0
choseby-backend/internal/handlers/customer_response.go:137.2,141.16 3 1
choseby-backend/internal/handlers/customer_response.go:141.16,144.3 2 1
choseby-backend/internal/handlers/customer_response.go:147.2,182.16 3 1
choseby-backend/internal/handlers/customer_response.go:182.16,185.3 2 1
choseby-backend/internal/handlers/customer_response.go:188.2,200.38 2 0
choseby-backend/internal/handlers/customer_response.go:204.56,207.13 3 1
choseby-backend/internal/handlers/customer_response.go:207.13,210.3 2 0
choseby-backend/internal/handlers/customer_response.go:213.2,219.16 3 1
choseby-backend/internal/handlers/customer_response.go:219.16,222.3 2 1
choseby-backend/internal/handlers/customer_response.go:225.2,229.16 3 0
choseby-backend/internal/handlers/customer_response.go:229.16,231.3 1 0
choseby-backend/internal/handlers/customer_response.go:234.2,238.16 3 0
choseby-backend/internal/handlers/customer_response.go:238.16,240.3 1 0
choseby-backend/internal/handlers/customer_response.go:243.2,257.16 4 0
choseby-backend/internal/handlers/customer_response.go:257.16,259.3 1 0
choseby-backend/internal/handlers/customer_response.go:261.2,268.33 2 0
choseby-backend/internal/handlers/customer_response.go:272.59,275.13 3 0
choseby-backend/internal/handlers/customer_response.go:275.13,278.3 2 0
choseby-backend/internal/handlers/customer_response.go:280.2,289.47 3 0
choseby-backend/internal/handlers/customer_response.go:289.47,292.3 2 0
choseby-backend/internal/handlers/customer_response.go:295.2,301.16 3 0
choseby-backend/internal/handlers/customer_response.go:301.16,304.3 2 0
choseby-backend/internal/handlers/customer_response.go:307.2,308.16 2 0
choseby-backend/internal/handlers/customer_response.go:308.16,311.3 2 0
choseby-backend/internal/handlers/customer_response.go:314.2,315.34 2 0
choseby-backend/internal/handlers/customer_response.go:315.34,330.17 3 0
choseby-backend/internal/handlers/customer_response.go:330.17,333.4 2 0
choseby-backend/internal/handlers/customer_response.go:335.3,335.41 1 0
choseby-backend/internal/handlers/customer_response.go:338.2,338.52 1 0
choseby-backend/internal/handlers/customer_response.go:342.58,345.13 3 0
choseby-backend/internal/handlers/customer_response.go:345.13,348.3 2 0
choseby-backend/internal/handlers/customer_response.go:350.2,361.47 3 0
choseby-backend/internal/handlers/customer_response.go:361.47,364.3 2 0
choseby-backend/internal/handlers/customer_response.go:367.2,373.16 3 0
choseby-backend/internal/handlers/customer_response.go:373.16,376.3 2 0
choseby-backend/internal/handlers/customer_response.go:379.2,380.16 2 0
choseby-backend/internal/handlers/customer_response.go:380.16,383.3 2 0
choseby-backend/internal/handlers/customer_response.go:386.2,387.34 2 0
choseby-backend/internal/handlers/customer_response.go:387.34,405.17 4 0
choseby-backend/internal/handlers/customer_response.go:405.17,408.4 2 0
choseby-backend/internal/handlers/customer_response.go:410.3,410.36 1 0
choseby-backend/internal/handlers/customer_response.go:413.2,413.50 1 0
choseby-backend/internal/handlers/customer_response.go:417.59,419.2 1 0
choseby-backend/internal/handlers/customer_response.go:421.59,423.2 1 1
choseby-backend/internal/handlers/customer_response.go:425.56,427.2 1 0
choseby-backend/internal/handlers/customer_response.go:429.55,431.2 1 0
choseby-backend/internal/handlers/evaluation.go:20.94,25.2 1 1
choseby-backend/internal/handlers/evaluation.go:28.65,34.16 5 1
choseby-backend/internal/handlers/evaluation.go:34.16,40.3 2 0
choseby-backend/internal/handlers/evaluation.go:42.2,43.16 2 1
choseby-backend/internal/handlers/evaluation.go:43.16,49.3 2 0
choseby-backend/internal/handlers/evaluation.go:52.2,58.27 3 1
choseby-backend/internal/handlers/evaluation.go:58.27,64.3 2 1
choseby-backend/internal/handlers/evaluation.go:67.2,73.16 3 0
choseby-backend/internal/handlers/evaluation.go:73.16,79.3 2 0
choseby-backend/internal/handlers/evaluation.go:82.2,88.16 3 0
choseby-backend/internal/handlers/evaluation.go:88.16,94.3 2 0
choseby-backend/internal/handlers/evaluation.go:97.2,103.23 5 0
choseby-backend/internal/handlers/evaluation.go:103.23,107.24 2 0
choseby-backend/internal/handlers/evaluation.go:107.24,109.4 1 0
choseby-backend/internal/handlers/evaluation.go:109.9,109.31 1 0
choseby-backend/internal/handlers/evaluation.go:109.31,111.4 1 0
choseby-backend/internal/handlers/evaluation.go:111.9,111.31 1 0
choseby-backend/internal/handlers/evaluation.go:111.31,113.4 1 0
choseby-backend/internal/handlers/evaluation.go:117.2,118.22 2 0
choseby-backend/internal/handlers/evaluation.go:118.22,120.3 1 0
choseby-backend/internal/handlers/evaluation.go:123.2,124.16 2 0
choseby-backend/internal/handlers/evaluation.go:124.16,130.3 2 0
choseby-backend/internal/handlers/evaluation.go:135.2,145.33 2 0
choseby-backend/internal/handlers/evaluation.go:149.62,155.16 5 1
choseby-backend/internal/handlers/evaluation.go:155.16,161.3 2 0
choseby-backend/internal/handlers/evaluation.go:163.2,164.16 2 1
choseby-backend/internal/handlers/evaluation.go:164.16,170.3 2 1
choseby-backend/internal/handlers/evaluation.go:172.2,173.51 2 0
choseby-backend/internal/handlers/evaluation.go:173.51,179.3 2 0
choseby-backend/internal/handlers/evaluation.go:182.2,188.27 3 0
choseby-backend/internal/handlers/evaluation.go:188.27,194.3 2 0
choseby-backend/internal/handlers/evaluation.go:197.2,203.16 3 0
choseby-backend/internal/handlers/evaluation.go:203.16,209.3 2 0
choseby-backend/internal/handlers/evaluation.go:209.8,209.33 1 0
choseby-backend/internal/handlers/evaluation.go:209.33,215.3 2 0
choseby-backend/internal/handlers/evaluation.go:218.2,219.16 2 0
choseby-backend/internal/handlers/evaluation.go:219.16,225.3 2 0
choseby-backend/internal/handlers/evaluation.go:228.2,239.16 5 0
choseby-backend/internal/handlers/evaluation.go:239.16,241.3 1 0
choseby-backend/internal/handlers/evaluation.go:243.2,244.15 2 0
choseby-backend/internal/handlers/evaluation.go:244.15,246.3 1 0
choseby-backend/internal/handlers/evaluation.go:251.2,261.38 2 0
choseby-backend/internal/handlers/evaluation.go:265.66,270.16 4 1
choseby-backend/internal/handlers/evaluation.go:270.16,276.3 2 0
choseby-backend/internal/handlers/evaluation.go:279.2,280.16 2 1
choseby-backend/internal/handlers/evaluation.go:280.16,286.3 2 1
choseby-backend/internal/handlers/evaluation.go:289.2,301.33 3 0
choseby-backend/internal/handlers/evaluation.go:305.63,310.86 3 1
choseby-backend/internal/handlers/evaluation.go:310.86,316.3 2 1
choseby-backend/internal/handlers/evaluation.go:318.2,319.16 2 1
choseby-backend/internal/handlers/evaluation.go:319.16,325.3 2 0
choseby-backend/internal/handlers/evaluation.go:328.2,334.16 3 1
choseby-backend/internal/handlers/evaluation.go:334.16,340.3 2 1
choseby-backend/internal/handlers/evaluation.go:343.2,344.16 2 0
choseby-backend/internal/handlers/evaluation.go:344.16,350.3 2 0
choseby-backend/internal/handlers/evaluation.go:355.2,364.33 2 0
choseby-backend/internal/handlers/evaluation.go:369.141,372.16 2 0
choseby-backend/internal/handlers/evaluation.go:372.16,374.3 1 0
choseby-backend/internal/handlers/evaluation.go:375.2,384.16 4 0
choseby-backend/internal/handlers/evaluation.go:384.16,386.3 1 0
choseby-backend/internal/handlers/evaluation.go:389.2,389.48 1 0
choseby-backend/internal/handlers/evaluation.go:389.48,396.17 2 0
choseby-backend/internal/handlers/evaluation.go:396.17,398.4 1 0
choseby-backend/internal/handlers/evaluation.go:402.2,402.35 1 0
choseby-backend/internal/handlers/evaluation.go:402.35,404.3 1 0
choseby-backend/internal/handlers/evaluation.go:406.2,406.26 1 0
choseby-backend/internal/handlers/evaluation.go:409.105,429.16 2 1
choseby-backend/internal/handlers/evaluation.go:429.16,431.3 1 0
choseby-backend/internal/handlers/evaluation.go:432.2,437.18 4 1
choseby-backend/internal/handlers/evaluation.go:437.18,443.17 5 1
choseby-backend/internal/handlers/evaluation.go:443.17,445.4 1 1
choseby-backend/internal/handlers/evaluation.go:447.3,448.26 2 0
choseby-backend/internal/handlers/evaluation.go:448.26,450.4 1 0
choseby-backend/internal/handlers/evaluation.go:452.3,461.9 3 0
choseby-backend/internal/handlers/evaluation.go:464.2,464.21 1 0
choseby-backend/internal/handlers/evaluation.go:467.97,476.16 4 0
choseby-backend/internal/handlers/evaluation.go:476.16,478.3 1 0
choseby-backend/internal/handlers/evaluation.go:481.2,482.16 2 0
choseby-backend/internal/handlers/evaluation.go:482.16,484.3 1 0
choseby-backend/internal/handlers/evaluation.go:487.2,488.16 2 0
choseby-backend/internal/handlers/evaluation.go:488.16,490.3 1 0
choseby-backend/internal/handlers/evaluation.go:493.2,494.16 2 0
choseby-backend/internal/handlers/evaluation.go:494.16,496.3 1 0
choseby-backend/internal/handlers/evaluation.go:499.2,500.16 2 0
choseby-backend/internal/handlers/evaluation.go:500.16,502.3 1 0
choseby-backend/internal/handlers/evaluation.go:504.2,517.24 2 0
choseby-backend/internal/handlers/evaluation.go:520.105,525.16 2 0
choseby-backend/internal/handlers/evaluation.go:525.16,527.3 1 0
choseby-backend/internal/handlers/evaluation.go:528.2,531.18 3 0
choseby-backend/internal/handlers/evaluation.go:531.18,537.17 5 0
choseby-backend/internal/handlers/evaluation.go:537.17,539.4 1 0
choseby-backend/internal/handlers/evaluation.go:541.3,548.24 2 0
choseby-backend/internal/handlers/evaluation.go:548.24,550.4 1 0
choseby-backend/internal/handlers/evaluation.go:552.3,552.41 1 0
choseby-backend/internal/handlers/evaluation.go:555.2,555.22 1 0
choseby-backend/internal/handlers/evaluation.go:558.104,563.16 2 0
choseby-backend/internal/handlers/evaluation.go:563.16,565.3 1 0
choseby-backend/internal/handlers/evaluation.go:566.2,569.18 3 0
choseby-backend/internal/handlers/evaluation.go:569.18,575.17 5 0
choseby-backend/internal/handlers/evaluation.go:575.17,577.4 1 0
choseby-backend/internal/handlers/evaluation.go:579.3,584.24 2 0
choseby-backend/internal/handlers/evaluation.go:584.24,586.4 1 0
choseby-backend/internal/handlers/evaluation.go:587.3,587.26 1 0
choseby-backend/internal/handlers/evaluation.go:587.26,589.4 1 0
choseby-backend/internal/handlers/evaluation.go:591.3,591.36 1 0
choseby-backend/internal/handlers/evaluation.go:594.2,594.21 1 0
choseby-backend/internal/handlers/evaluation.go:597.102,607.16 4 0
choseby-backend/internal/handlers/evaluation.go:607.16,609.3 1 0
choseby-backend/internal/handlers/evaluation.go:611.2,615.25 2 0
choseby-backend/internal/handlers/evaluation.go:615.25,617.3 1 0
choseby-backend/internal/handlers/evaluation.go:619.2,619.19 1 0
choseby-backend/internal/handlers/evaluations.go:22.96,27.2 1 0
choseby-backend/internal/handlers/evaluations.go:30.63,33.13 3 0
choseby-backend/internal/handlers/evaluations.go:33.13,36.3 2 0
choseby-backend/internal/handlers/evaluations.go:38.2,39.47 2 0
choseby-backend/internal/handlers/evaluations.go:39.47,42.3 2 0
choseby-backend/internal/handlers/evaluations.go:45.2,51.16 3 0
choseby-backend/internal/handlers/evaluations.go:51.16,54.3 2 0
choseby-backend/internal/handlers/evaluations.go:57.2,61.16 3 0
choseby-backend/internal/handlers/evaluations.go:61.16,64.3 2 0
choseby-backend/internal/handlers/evaluations.go:67.2,67.23 1 0
choseby-backend/internal/handlers/evaluations.go:67.23,71.17 2 0
choseby-backend/internal/handlers/evaluations.go:71.17,74.4 2 0
choseby-backend/internal/handlers/evaluations.go:78.2,79.39 2 0
choseby-backend/internal/handlers/evaluations.go:79.39,96.17 3 0
choseby-backend/internal/handlers/evaluations.go:96.17,99.4 2 0
choseby-backend/internal/handlers/evaluations.go:101.3,101.20 1 0
choseby-backend/internal/handlers/evaluations.go:104.2,107.4 1 0
choseby-backend/internal/handlers/evaluations.go:111.57,114.13 3 0
choseby-backend/internal/handlers/evaluations.go:114.13,117.3 2 0
choseby-backend/internal/handlers/evaluations.go:120.2,126.16 3 0
choseby-backend/internal/handlers/evaluations.go:126.16,129.3 2 0
choseby-backend/internal/handlers/evaluations.go:132.2,136.16 3 0
choseby-backend/internal/handlers/evaluations.go:136.16,138.3 1 0
choseby-backend/internal/handlers/evaluations.go:141.2,148.16 3 0
choseby-backend/internal/handlers/evaluations.go:148.16,150.3 1 0
choseby-backend/internal/handlers/evaluations.go:153.2,164.16 3 0
choseby-backend/internal/handlers/evaluations.go:164.16,166.3 1 0
choseby-backend/internal/handlers/evaluations.go:169.2,197.16 4 0
choseby-backend/internal/handlers/evaluations.go:197.16,200.3 2 0
choseby-backend/internal/handlers/evaluations.go:203.2,207.42 4 0
choseby-backend/internal/handlers/evaluations.go:207.42,210.33 2 0
choseby-backend/internal/handlers/evaluations.go:210.33,212.4 1 0
choseby-backend/internal/handlers/evaluations.go:215.3,216.35 2 0
choseby-backend/internal/handlers/evaluations.go:216.35,218.4 1 0
choseby-backend/internal/handlers/evaluations.go:218.9,218.42 1 0
choseby-backend/internal/handlers/evaluations.go:218.42,220.4 1 0
choseby-backend/internal/handlers/evaluations.go:220.9,220.42 1 0
choseby-backend/internal/handlers/evaluations.go:220.42,222.4 1 0
choseby-backend/internal/handlers/evaluations.go:224.3,237.71 3 0
choseby-backend/internal/handlers/evaluations.go:237.71,240.4 2 0
choseby-backend/internal/handlers/evaluations.go:244.2,248.27 3 0
choseby-backend/internal/handlers/evaluations.go:248.27,250.38 2 0
choseby-backend/internal/handlers/evaluations.go:250.38,252.4 1 0
choseby-backend/internal/handlers/evaluations.go:253.3,253.62 1 0
choseby-backend/internal/handlers/evaluations.go:256.2,265.32 2 0
choseby-backend/internal/handlers/evaluations.go:269.66,272.13 3 0
choseby-backend/internal/handlers/evaluations.go:272.13,275.3 2 0
choseby-backend/internal/handlers/evaluations.go:278.2,284.16 3 0
choseby-backend/internal/handlers/evaluations.go:284.16,287.3 2 0
choseby-backend/internal/handlers/evaluations.go:290.2,294.16 3 0
choseby-backend/internal/handlers/evaluations.go:294.16,296.3 1 0
choseby-backend/internal/handlers/evaluations.go:299.2,305.16 4 0
choseby-backend/internal/handlers/evaluations.go:305.16,307.3 1 0
choseby-backend/internal/handlers/evaluations.go:309.2,312.16 2 0
choseby-backend/internal/handlers/evaluations.go:312.16,314.3 1 0
choseby-backend/internal/handlers/evaluations.go:316.2,326.31 3 0
choseby-backend/internal/handlers/evaluations.go:330.64,332.2 1 0
choseby-backend/internal/handlers/health.go:17.55,21.2 1 0
choseby-backend/internal/handlers/health.go:24.53,33.17 2 0
choseby-backend/internal/handlers/health.go:33.17,34.37 1 0
choseby-backend/internal/handlers/health.go:34.37,40.4 5 0
choseby-backend/internal/handlers/health.go:41.3,50.35 4 0
choseby-backend/internal/handlers/health.go:50.35,53.4 2 0
choseby-backend/internal/handlers/health.go:53.9,55.4 1 0
choseby-backend/internal/handlers/health.go:56.8,59.3 2 0
choseby-backend/internal/handlers/health.go:62.2,63.36 2 0
choseby-backend/internal/handlers/health.go:63.36,65.3 1 0
choseby-backend/internal/handlers/health.go:67.2,67.28 1 0
choseby-backend/internal/handlers/health.go:71.56,72.39 1 0
choseby-backend/internal/handlers/health.go:72.39,74.3 1 0
choseby-backend/internal/handlers/health.go:74.8,76.3 1 0
choseby-backend/internal/handlers/team.go:20.82,25.2 1 0
choseby-backend/internal/handlers/team.go:28.50,30.13 2 0
choseby-backend/internal/handlers/team.go:30.13,33.3 2 0
choseby-backend/internal/handlers/team.go:36.2,40.16 3 0
choseby-backend/internal/handlers/team.go:40.16,43.3 2 0
choseby-backend/internal/handlers/team.go:46.2,63.16 4 0
choseby-backend/internal/handlers/team.go:63.16,66.3 2 0
choseby-backend/internal/handlers/team.go:68.2,70.4 1 0
choseby-backend/internal/handlers/team.go:74.52,76.13 2 0
choseby-backend/internal/handlers/team.go:76.13,79.3 2 0
choseby-backend/internal/handlers/team.go:81.2,88.47 3 0
choseby-backend/internal/handlers/team.go:88.47,91.3 2 0
choseby-backend/internal/handlers/team.go:94.2,104.34 3 0
choseby-backend/internal/handlers/team.go:104.34,105.23 1 0
choseby-backend/internal/handlers/team.go:105.23,107.9 2 0
choseby-backend/internal/handlers/team.go:111.2,111.16 1 0
choseby-backend/internal/handlers/team.go:111.16,114.3 2 0
choseby-backend/internal/handlers/team.go:117.2,122.16 4 0
choseby-backend/internal/handlers/team.go:122.16,125.3 2 0
choseby-backend/internal/handlers/team.go:127.2,130.16 2 0
choseby-backend/internal/handlers/team.go:130.16,133.3 2 0
choseby-backend/internal/handlers/team.go:136.2,140.38 3 0
choseby-backend/internal/handlers/team.go:140.38,143.3 2 0
choseby-backend/internal/handlers/team.go:151.2,160.4 2 0
choseby-backend/internal/handlers/team.go:164.47,166.13 2 0
choseby-backend/internal/handlers/team.go:166.13,169.3 2 0
choseby-backend/internal/handlers/team.go:172.2,189.16 4 0
choseby-backend/internal/handlers/team.go:189.16,192.3 2 0
choseby-backend/internal/handlers/team.go:195.2,199.16 3 0
choseby-backend/internal/handlers/team.go:199.16,201.3 1 0
choseby-backend/internal/handlers/team.go:203.2,205.29 2 0
choseby-backend/internal/handlers/team.go:209.50,211.2 1 0
choseby-backend/internal/handlers/team.go:214.50,216.2 1 0
choseby-backend/internal/handlers/team.go:219.50,221.2 1 0
choseby-backend/internal/handlers/team.go:224.52,226.2 1 0
choseby-backend/internal/handlers/team.go:228.54,230.2 1 0
choseby-backend/internal/handlers/team.go:232.53,234.2 1 0
choseby-backend/internal/handlers/team.go:236.56,238.2 1 0
choseby-backend/internal/handlers/team.go:240.56,242.2 1 0
choseby-backend/internal/models/models.go:48.58,50.2 1 0
choseby-backend/internal/models/models.go:53.59,54.18 1 0
choseby-backend/internal/models/models.go:54.18,56.3 1 0
choseby-backend/internal/models/models.go:58.2,59.9 2 0
choseby-backend/internal/models/models.go:59.9,61.3 1 0
choseby-backend/internal/models/models.go:63.2,63.33 1 0
choseby-backend/internal/models/models.go:111.57,113.2 1 0
choseby-backend/internal/models/models.go:116.58,117.18 1 0
choseby-backend/internal/models/models.go:117.18,119.3 1 0
choseby-backend/internal/models/models.go:121.2,122.9 2 0
choseby-backend/internal/models/models.go:122.9,124.3 1 0
choseby-backend/internal/models/models.go:126.2,126.33 1 0
choseby-backend/internal/models/models.go:148.58,150.2 1 0
choseby-backend/internal/models/models.go:153.59,154.18 1 0
choseby-backend/internal/models/models.go:154.18,156.3 1 0
choseby-backend/internal/models/models.go:158.2,159.9 2 0
choseby-backend/internal/models/models.go:159.9,161.3 1 0
choseby-backend/internal/models/models.go:163.2,163.33 1 0
choseby-backend/internal/testutil/testutil.go:23.33,35.2 6 1
choseby-backend/internal/testutil/testutil.go:38.36,41.2 2 1
choseby-backend/internal/testutil/testutil.go:46.46,56.2 1 0
choseby-backend/internal/testutil/testutil.go:59.52,70.2 1 0
choseby-backend/internal/testutil/testutil.go:73.46,82.2 1 0
choseby-backend/internal/testutil/testutil.go:85.35,92.2 1 1
choseby-backend/internal/testutil/testutil.go:95.40,97.16 2 1
choseby-backend/internal/testutil/testutil.go:97.16,98.13 1 0
choseby-backend/internal/testutil/testutil.go:100.2,100.10 1 1
